KINA  YC  HHZ   6  3.4980N116 33.9540E3261
KINA  YC  HHZ   6  3.4980N116 33.9540E3261
MALB  YC  HHZ   4 44.2440N116 58.8000E 230
SBA2  YC  HHZ   4 26.1060N115 44.7360E1019
SBA3  YC  HHZ   4 34.4100N116 16.5960E 189
SBA4  YC  HHZ   4 27.5280N116 35.3880E 216
SBA5  YC  HHZ   4 25.3620N116 51.5280E 426
SBA6  YC  HHZ   4 30.6180N117 18.1080E  88
SBA7  YC  HHZ   4 26.7540N117 42.8640E  35
SBA8  YC  HHZ   4 25.9260N118  5.7120E 156
SBA9  YC  HHZ   4 26.1840N118 32.3940E  21
SBB2  YC  HHZ   4 47.8740N115 41.9460E 997
SBB3  YC  HHZ   4 57.3840N116  8.4600E 394
SBB4  YC  HHZ   4 49.0320N116 30.3000E 465
SBB5  YC  HHZ   4 43.8600N116 53.1420E1050
SBB6  YC  HHZ   4 49.9140N117 21.3480E 234
SBB7  YC  HHZ   4 57.8100N117 48.1680E 197
SBB8  YC  HHZ   4 51.0060N118  7.7640E   0
SBC1  YC  HHZ   5 16.8660N115 10.4880E  30
SBC2  YC  HHZ   5 14.9280N115 41.4960E   6
SBC3  YC  HHZ   5 15.3240N116  5.9160E 278
SBC4  YC  HHZ   5 16.2660N116 30.9420E 381
SBC5  YC  HHZ   5 17.1840N116 52.8480E  83
SBC6  YC  HHZ   5 17.7120N117 16.3020E  81
SBC6  YC  HHZ   5 17.7120N117 16.3020E  81
SBC7  YC  HHZ   5 19.2480N117 41.4780E  48
SBC8  YC  HHZ   5 19.4220N118  2.7120E  25
SBC9  YC  HHZ   5 11.4600N118 56.7660E  74
SBD1  YC  HHZ   5 36.5400N115 36.4980E  91
SBD2  YC  HHZ   5 40.6380N116  2.3760E   4
SBD3  YC  HHZ   5 38.3400N116 27.7320E 715
SBD4  YC  HHZ   5 39.8520N116 52.6140E 300
SBD5  YC  HHZ   5 39.3840N117 16.4160E 116
SBD6  YC  HHZ   5 41.2500N117 39.5400E  32
SBD7  YC  HHZ   5 38.9820N118  7.7700E   0
SBD8  YC  HHZ   5 30.4200N118 33.6240E   0
SBE1  YC  HHZ   6 12.1680N115 35.7840E   8
SBE2  YC  HHZ   6  2.7660N116 29.6760E 965
SBE3  YC  HHZ   6  4.0260N116 49.8600E 325
SBE4  YC  HHZ   6  3.5880N117 18.4320E  32
SBE5  YC  HHZ   5 55.9980N118  0.6060E   2
SBF1  YC  HHZ   6 27.1320N116 29.9100E  12
SBF1  YC  HHZ   6 27.1320N116 29.9100E  12
SBF2  YC  HHZ   6 28.4280N116 53.4420E 396
SBF3  YC  HHZ   6 26.5080N117 18.8580E  26
SBF4  YC  HHZ   6 22.3860N117 37.2480E  20
SBG1  YC  HHZ   6 42.5700N116 21.0540E  18
SBG2  YC  HHZ   6 50.0100N116 45.7560E  12
SBG3  YC  HHZ   6 49.9020N117  9.5400E  22
DVM   MY  HHZ   4 58.8240N117 50.6520E 511
TNM   MY  HHZ   5 10.1160N115 57.6120E 296
KAM   MY  HHZ   6  4.4700N116 27.4980E 443
KDM   MY  HHZ   6 55.0020N116 49.9980E   3
KIM   MY  HHZ   5 35.2080N117 50.7000E 141
KKM   MY  HHZ   6  2.6580N116 12.8820E 830
KNM   MY  HHZ   4 42.1560N118 12.1800E 104
KPM   MY  HHZ   6  1.3560N116 32.7240E1857
LDM   MY  HHZ   5 10.6620N118 29.8800E 177
MTM   MY  HHZ   5 47.3580N116 48.9960E 279
PRM   MY  HHZ   6  2.7300N116 42.2040E 577
PTM   MY  HHZ   6 42.3180N117  1.6980E 100
RAM   MY  HHZ   5 57.2760N116 40.8600E 575
SDM   MY  HHZ   5 38.4540N117 11.7000E 463
SGM   MY  HHZ   5  5.4720N118 14.6760E 116
SMM   MY  HHZ   4 26.4300N118 37.3200E 135
SPM   MY  HHZ   4 42.4980N116 27.9000E 275
SRM   MY  HHZ   6 17.5560N116 42.4980E 250
SYM   MY  HHZ   6 12.3480N116 33.3540E 547
TLM   MY  HHZ   5 44.3460N117 23.1000E  81
TPM   MY  HHZ   6  8.5620N116 15.5760E  81
TSM   MY  HHZ   4 17.6160N117 52.3500E  62
WRM   MY  HHZ   6 19.3620N116 28.6980E 178
LBWN  9G  HHZ   3 53.9700N115 41.4840E 951
NUNU  9G  HHZ   4  8.1420N117 39.9660E  31
