YC.KINA	6.05830	116.56590	3261.00	-1
YC.KINA	6.05830	116.56590	3261.00	-1
YC.MALB	4.73740	116.98000	230.00	-1
YC.SBA2	4.43510	115.74560	1019.00	-1
YC.SBA3	4.57350	116.27660	189.00	-1
YC.SBA4	4.45880	116.58980	216.00	-1
YC.SBA5	4.42270	116.85880	426.00	-1
YC.SBA6	4.51030	117.30180	88.00	-1
YC.SBA7	4.44590	117.71440	35.00	-1
YC.SBA8	4.43210	118.09520	156.00	-1
YC.SBA9	4.43640	118.53990	21.00	-1
YC.SBB2	4.79790	115.69910	997.00	-1
YC.SBB3	4.95640	116.14100	394.00	-1
YC.SBB4	4.81720	116.50500	465.00	-1
YC.SBB5	4.73100	116.88570	1050.00	-1
YC.SBB6	4.83190	117.35580	234.00	-1
YC.SBB7	4.96350	117.80280	197.00	-1
YC.SBB8	4.85010	118.12940	0.00	-1
YC.SBC1	5.28110	115.17480	30.00	-1
YC.SBC2	5.24880	115.69160	6.00	-1
YC.SBC3	5.25540	116.09860	278.00	-1
YC.SBC4	5.27110	116.51570	381.00	-1
YC.SBC5	5.28640	116.88080	83.00	-1
YC.SBC6	5.29520	117.27170	81.00	-1
YC.SBC6	5.29520	117.27170	81.00	-1
YC.SBC7	5.32080	117.69130	48.00	-1
YC.SBC8	5.32370	118.04520	25.00	-1
YC.SBC9	5.19100	118.94610	74.00	-1
YC.SBD1	5.60900	115.60830	91.00	-1
YC.SBD2	5.67730	116.03960	4.00	-1
YC.SBD3	5.63900	116.46220	715.00	-1
YC.SBD4	5.66420	116.87690	300.00	-1
YC.SBD5	5.65640	117.27360	116.00	-1
YC.SBD6	5.68750	117.65900	32.00	-1
YC.SBD7	5.64970	118.12950	0.00	-1
YC.SBD8	5.50700	118.56040	0.00	-1
YC.SBE1	6.20280	115.59640	8.00	-1
YC.SBE2	6.04610	116.49460	965.00	-1
YC.SBE3	6.06710	116.83100	325.00	-1
YC.SBE4	6.05980	117.30720	32.00	-1
YC.SBE5	5.93330	118.01010	2.00	-1
YC.SBF1	6.45220	116.49850	12.00	-1
YC.SBF1	6.45220	116.49850	12.00	-1
YC.SBF2	6.47380	116.89070	396.00	-1
YC.SBF3	6.44180	117.31430	26.00	-1
YC.SBF4	6.37310	117.62080	20.00	-1
YC.SBG1	6.70950	116.35090	18.00	-1
YC.SBG2	6.83350	116.76260	12.00	-1
YC.SBG3	6.83170	117.15900	22.00	-1
MY.DVM	4.98040	117.84420	511.00	-1
MY.TNM	5.16860	115.96020	296.00	-1
MY.KAM	6.07450	116.45830	443.00	-1
MY.KDM	6.91670	116.83330	3.00	-1
MY.KIM	5.58680	117.84500	141.00	-1
MY.KKM	6.04430	116.21470	830.00	-1
MY.KNM	4.70260	118.20300	104.00	-1
MY.KPM	6.02260	116.54540	1857.00	-1
MY.LDM	5.17770	118.49800	177.00	-1
MY.MTM	5.78930	116.81660	279.00	-1
MY.PRM	6.04550	116.70340	577.00	-1
MY.PTM	6.70530	117.02830	100.00	-1
MY.RAM	5.95460	116.68100	575.00	-1
MY.SDM	5.64090	117.19500	463.00	-1
MY.SGM	5.09120	118.24460	116.00	-1
MY.SMM	4.44050	118.62200	135.00	-1
MY.SPM	4.70830	116.46500	275.00	-1
MY.SRM	6.29260	116.70830	250.00	-1
MY.SYM	6.20580	116.55590	547.00	-1
MY.TLM	5.73910	117.38500	81.00	-1
MY.TPM	6.14270	116.25960	81.00	-1
MY.TSM	4.29360	117.87250	62.00	-1
MY.WRM	6.32270	116.47830	178.00	-1
9G.LBWN	3.89950	115.69140	951.00	-1
9G.NUNU	4.13570	117.66610	31.00	-1
